2022-11-24 01:57:34,297 - __main__ - INFO - Fetched email from: Wed, 23 Nov 2022 05:32:39
2022-11-24 01:57:35,611 - __main__ - INFO - Fetched email from: Wed, 23 Nov 2022 09:13:29
2022-11-24 04:28:19,599 - __main__ - INFO - Fetched email from: Thu, 24 Nov 2022 03:35:11
2022-11-24 09:33:49,507 - __main__ - INFO - Fetched email from: Thu, 24 Nov 2022 09:30:10
2022-11-29 10:07:27,477 - __main__ - INFO - Fetched email from: Tue, 29 Nov 2022 10:04:31
2022-11-30 04:40:12,399 - __main__ - INFO - Fetched email from: Wed, 30 Nov 2022 04:06:31
2022-12-01 04:40:55,723 - __main__ - INFO - Fetched email from: Thu, 01 Dec 2022 04:05:36
2022-12-02 05:25:13,427 - __main__ - INFO - Fetched email from: Fri, 02 Dec 2022 04:58:16
2022-12-05 04:36:50,655 - __main__ - INFO - Fetched email from: Mon, 05 Dec 2022 04:16:56
2022-12-06 04:35:03,447 - __main__ - INFO - Fetched email from: Tue, 06 Dec 2022 03:57:16
2022-12-08 04:37:25,179 - __main__ - INFO - Fetched email from: Thu, 08 Dec 2022 04:35:45
2022-12-09 04:36:28,546 - __main__ - INFO - Fetched email from: Fri, 09 Dec 2022 04:08:52
2022-12-12 04:34:41,191 - __main__ - INFO - Fetched email from: Mon, 12 Dec 2022 04:32:23
2022-12-14 04:37:03,580 - __main__ - INFO - Fetched email from: Wed, 14 Dec 2022 04:26:57
2022-12-15 04:37:39,965 - __main__ - INFO - Fetched email from: Thu, 15 Dec 2022 04:24:02
2022-12-16 05:24:03,762 - __main__ - INFO - Fetched email from: Fri, 16 Dec 2022 04:55:11
2022-12-19 04:32:58,654 - __main__ - INFO - Fetched email from: Mon, 19 Dec 2022 04:22:49
2022-12-20 05:24:51,737 - __main__ - INFO - Fetched email from: Tue, 20 Dec 2022 04:48:08
2022-12-21 03:27:21,249 - __main__ - INFO - Fetched email from: Wed, 21 Dec 2022 03:19:17
2022-12-22 05:24:28,250 - __main__ - INFO - Fetched email from: Thu, 22 Dec 2022 05:21:12
2022-12-23 04:32:41,552 - __main__ - INFO - Fetched email from: Fri, 23 Dec 2022 04:06:40
2022-12-26 04:32:43,307 - __main__ - INFO - Fetched email from: Mon, 26 Dec 2022 04:28:14
2022-12-27 04:07:33,971 - __main__ - INFO - Fetched email from: Tue, 27 Dec 2022 03:59:19
2023-01-02 04:07:35,502 - __main__ - INFO - Fetched email from: Mon, 02 Jan 2023 03:56:44
2023-01-03 05:05:40,118 - __main__ - INFO - Fetched email from: Tue, 03 Jan 2023 04:36:56
2023-01-04 03:32:05,981 - __main__ - INFO - Fetched email from: Wed, 04 Jan 2023 03:14:33
2023-01-05 05:06:07,865 - __main__ - INFO - Fetched email from: Thu, 05 Jan 2023 05:01:58
2023-01-06 04:36:25,540 - __main__ - INFO - Fetched email from: Fri, 06 Jan 2023 04:20:31
